<?xml version="1.0" encoding="UTF-8"?>
<testsuite name="com.example.codefellowship.CodefellowshipApplicationTests" tests="1" skipped="0" failures="0" errors="0" timestamp="2021-04-16T01:13:43" hostname="Matthews-MacBook-Pro.local" time="0.579">
  <properties/>
  <testcase name="loginPageTest()" classname="com.example.codefellowship.CodefellowshipApplicationTests" time="0.579"/>
  <system-out><![CDATA[20:13:33.974 [Test worker] DEBUG org.springframework.test.context.BootstrapUtils - Instantiating CacheAwareContextLoaderDelegate from class [org.springframework.test.context.cache.DefaultCacheAwareContextLoaderDelegate]
20:13:33.991 [Test worker] DEBUG org.springframework.test.context.BootstrapUtils - Instantiating BootstrapContext using constructor [public org.springframework.test.context.support.DefaultBootstrapContext(java.lang.Class,org.springframework.test.context.CacheAwareContextLoaderDelegate)]
20:13:34.046 [Test worker] DEBUG org.springframework.test.context.BootstrapUtils - Instantiating TestContextBootstrapper for test class [com.example.codefellowship.CodefellowshipApplicationTests] from class [org.springframework.boot.test.context.SpringBootTestContextBootstrapper]
20:13:34.068 [Test worker] INFO org.springframework.boot.test.context.SpringBootTestContextBootstrapper - Neither @ContextConfiguration nor @ContextHierarchy found for test class [com.example.codefellowship.CodefellowshipApplicationTests], using SpringBootContextLoader
20:13:34.074 [Test worker] DEBUG org.springframework.test.context.support.AbstractContextLoader - Did not detect default resource location for test class [com.example.codefellowship.CodefellowshipApplicationTests]: class path resource [com/example/codefellowship/CodefellowshipApplicationTests-context.xml] does not exist
20:13:34.075 [Test worker] DEBUG org.springframework.test.context.support.AbstractContextLoader - Did not detect default resource location for test class [com.example.codefellowship.CodefellowshipApplicationTests]: class path resource [com/example/codefellowship/CodefellowshipApplicationTestsContext.groovy] does not exist
20:13:34.076 [Test worker] INFO org.springframework.test.context.support.AbstractContextLoader - Could not detect default resource locations for test class [com.example.codefellowship.CodefellowshipApplicationTests]: no resource found for suffixes {-context.xml, Context.groovy}.
20:13:34.077 [Test worker] INFO org.springframework.test.context.support.AnnotationConfigContextLoaderUtils - Could not detect default configuration classes for test class [com.example.codefellowship.CodefellowshipApplicationTests]: CodefellowshipApplicationTests does not declare any static, non-private, non-final, nested classes annotated with @Configuration.
20:13:34.197 [Test worker] DEBUG org.springframework.test.context.support.ActiveProfilesUtils - Could not find an 'annotation declaring class' for annotation type [org.springframework.test.context.ActiveProfiles] and class [com.example.codefellowship.CodefellowshipApplicationTests]
20:13:34.303 [Test worker] DEBUG org.springframework.context.annotation.ClassPathScanningCandidateComponentProvider - Identified candidate component class: file [/Users/matthewsimms/Documents/projects/401/codefellowship/build/classes/java/main/com/example/codefellowship/CodefellowshipApplication.class]
20:13:34.305 [Test worker] INFO org.springframework.boot.test.context.SpringBootTestContextBootstrapper - Found @SpringBootConfiguration com.example.codefellowship.CodefellowshipApplication for test class com.example.codefellowship.CodefellowshipApplicationTests
20:13:34.526 [Test worker] DEBUG org.springframework.boot.test.context.SpringBootTestContextBootstrapper - @TestExecutionListeners is not present for class [com.example.codefellowship.CodefellowshipApplicationTests]: using defaults.
20:13:34.527 [Test worker] INFO org.springframework.boot.test.context.SpringBootTestContextBootstrapper - Loaded default TestExecutionListener class names from location [META-INF/spring.factories]: [org.springframework.security.test.context.support.WithSecurityContextTestExecutionListener, org.springframework.security.test.context.support.ReactorContextTestExecutionListener, org.springframework.boot.test.autoconfigure.restdocs.RestDocsTestExecutionListener, org.springframework.boot.test.autoconfigure.web.client.MockRestServiceServerResetTestExecutionListener, org.springframework.boot.test.autoconfigure.web.servlet.MockMvcPrintOnlyOnFailureTestExecutionListener, org.springframework.boot.test.autoconfigure.web.servlet.WebDriverTestExecutionListener, org.springframework.boot.test.autoconfigure.webservices.client.MockWebServiceServerTestExecutionListener, org.springframework.boot.test.mock.mockito.MockitoTestExecutionListener, org.springframework.boot.test.mock.mockito.ResetMocksTestExecutionListener, org.springframework.test.context.web.ServletTestExecutionListener, org.springframework.test.context.support.DirtiesContextBeforeModesTestExecutionListener, org.springframework.test.context.event.ApplicationEventsTestExecutionListener, org.springframework.test.context.support.DependencyInjectionTestExecutionListener, org.springframework.test.context.support.DirtiesContextTestExecutionListener, org.springframework.test.context.transaction.TransactionalTestExecutionListener, org.springframework.test.context.jdbc.SqlScriptsTestExecutionListener, org.springframework.test.context.event.EventPublishingTestExecutionListener]
20:13:34.579 [Test worker] INFO org.springframework.boot.test.context.SpringBootTestContextBootstrapper - Using TestExecutionListeners: [org.springframework.test.context.web.ServletTestExecutionListener@66643201, org.springframework.test.context.support.DirtiesContextBeforeModesTestExecutionListener@6256cca7, org.springframework.test.context.event.ApplicationEventsTestExecutionListener@7c37b989, org.springframework.boot.test.mock.mockito.MockitoTestExecutionListener@a18c4f8, org.springframework.boot.test.autoconfigure.SpringBootDependencyInjectionTestExecutionListener@4d2b1b80, org.springframework.test.context.support.DirtiesContextTestExecutionListener@194cd576, org.springframework.test.context.transaction.TransactionalTestExecutionListener@5876dc27, org.springframework.test.context.jdbc.SqlScriptsTestExecutionListener@1405fcd5, org.springframework.security.test.context.support.WithSecurityContextTestExecutionListener@1e702ce, org.springframework.test.context.event.EventPublishingTestExecutionListener@7e7f90e1, org.springframework.security.test.context.support.ReactorContextTestExecutionListener@1086fced, org.springframework.boot.test.autoconfigure.restdocs.RestDocsTestExecutionListener@2bde597c, org.springframework.boot.test.autoconfigure.web.client.MockRestServiceServerResetTestExecutionListener@1296dfbb, org.springframework.boot.test.autoconfigure.web.servlet.MockMvcPrintOnlyOnFailureTestExecutionListener@106cad90, org.springframework.boot.test.autoconfigure.web.servlet.WebDriverTestExecutionListener@37aa4ae4, org.springframework.boot.test.autoconfigure.webservices.client.MockWebServiceServerTestExecutionListener@6e66e0d4, org.springframework.boot.test.mock.mockito.ResetMocksTestExecutionListener@4a2991a4]
20:13:34.588 [Test worker] DEBUG org.springframework.test.context.support.AbstractDirtiesContextTestExecutionListener - Before test class: context [DefaultTestContext@151ce3bd testClass = CodefellowshipApplicationTests, testInstance = [null], testMethod = [null], testException = [null], mergedContextConfiguration = [WebMergedContextConfiguration@3f788d95 testClass = CodefellowshipApplicationTests, locations = '{}', classes = '{class com.example.codefellowship.CodefellowshipApplication}', contextInitializerClasses = '[]', activeProfiles = '{}', propertySourceLocations = '{}', propertySourceProperties = '{org.springframework.boot.test.context.SpringBootTestContextBootstrapper=true}', contextCustomizers = set[org.springframework.boot.test.autoconfigure.actuate.metrics.MetricsExportContextCustomizerFactory$DisableMetricExportContextCustomizer@5d54e1a7, org.springframework.boot.test.autoconfigure.properties.PropertyMappingContextCustomizer@4b3fa0b3, org.springframework.boot.test.autoconfigure.web.servlet.WebDriverContextCustomizerFactory$Customizer@26e5c7f4, [ImportsContextCustomizer@46fa423a key = [org.springframework.boot.test.autoconfigure.web.servlet.MockMvcAutoConfiguration, org.springframework.boot.test.autoconfigure.web.servlet.MockMvcWebClientAutoConfiguration, org.springframework.boot.test.autoconfigure.web.servlet.MockMvcWebDriverAutoConfiguration, org.springframework.boot.autoconfigure.security.oauth2.client.servlet.OAuth2ClientAutoConfiguration, org.springframework.boot.autoconfigure.security.oauth2.resource.servlet.OAuth2ResourceServerAutoConfiguration, org.springframework.boot.autoconfigure.security.servlet.SecurityAutoConfiguration, org.springframework.boot.autoconfigure.security.servlet.SecurityFilterAutoConfiguration, org.springframework.boot.autoconfigure.security.servlet.UserDetailsServiceAutoConfiguration, org.springframework.boot.test.autoconfigure.web.servlet.MockMvcSecurityConfiguration]], org.springframework.boot.test.context.filter.ExcludeFilterContextCustomizer@5a067c57, org.springframework.boot.test.json.DuplicateJsonObjectContextCustomizerFactory$DuplicateJsonObjectContextCustomizer@57aa5978, org.springframework.boot.test.mock.mockito.MockitoContextCustomizer@0, org.springframework.boot.test.web.client.TestRestTemplateContextCustomizer@30ea8dad, org.springframework.boot.test.context.SpringBootTestArgs@1, org.springframework.boot.test.context.SpringBootTestWebEnvironment@12774e66], resourceBasePath = 'src/main/webapp', contextLoader = 'org.springframework.boot.test.context.SpringBootContextLoader', parent = [null]], attributes = map['org.springframework.test.context.web.ServletTestExecutionListener.activateListener' -> true]], class annotated with @DirtiesContext [false] with mode [null].
20:13:34.642 [Test worker] DEBUG org.springframework.test.context.support.TestPropertySourceUtils - Adding inlined properties to environment: {spring.jmx.enabled=false, org.springframework.boot.test.context.SpringBootTestContextBootstrapper=true}

  .   ____          _            __ _ _
 /\\ / ___'_ __ _ _(_)_ __  __ _ \ \ \ \
( ( )\___ | '_ | '_| | '_ \/ _` | \ \ \ \
 \\/  ___)| |_)| | | | | || (_| |  ) ) ) )
  '  |____| .__|_| |_|_| |_\__, | / / / /
 =========|_|==============|___/=/_/_/_/
 :: Spring Boot ::                (v2.4.4)

2021-04-15 20:13:35.432  INFO 20436 --- [    Test worker] c.e.c.CodefellowshipApplicationTests     : Starting CodefellowshipApplicationTests using Java 1.8.0_281 on Matthews-MacBook-Pro.local with PID 20436 (started by matthewsimms in /Users/matthewsimms/Documents/projects/401/codefellowship)
2021-04-15 20:13:35.436  INFO 20436 --- [    Test worker] c.e.c.CodefellowshipApplicationTests     : No active profile set, falling back to default profiles: default
2021-04-15 20:13:36.899  INFO 20436 --- [    Test worker] .s.d.r.c.RepositoryConfigurationDelegate : Bootstrapping Spring Data JPA repositories in DEFAULT mode.
2021-04-15 20:13:37.004  INFO 20436 --- [    Test worker] .s.d.r.c.RepositoryConfigurationDelegate : Finished Spring Data repository scanning in 88 ms. Found 2 JPA repository interfaces.
2021-04-15 20:13:38.601  INFO 20436 --- [    Test worker] o.hibernate.jpa.internal.util.LogHelper  : HHH000204: Processing PersistenceUnitInfo [name: default]
2021-04-15 20:13:38.701  INFO 20436 --- [    Test worker] org.hibernate.Version                    : HHH000412: Hibernate ORM core version 5.4.29.Final
2021-04-15 20:13:39.041  INFO 20436 --- [    Test worker] o.hibernate.annotations.common.Version   : HCANN000001: Hibernate Commons Annotations {5.1.2.Final}
2021-04-15 20:13:39.223  INFO 20436 --- [    Test worker] com.zaxxer.hikari.HikariDataSource       : HikariPool-1 - Starting...
2021-04-15 20:13:39.418  INFO 20436 --- [    Test worker] com.zaxxer.hikari.HikariDataSource       : HikariPool-1 - Start completed.
2021-04-15 20:13:39.479  INFO 20436 --- [    Test worker] org.hibernate.dialect.Dialect            : HHH000400: Using dialect: org.hibernate.dialect.PostgreSQL10Dialect
2021-04-15 20:13:40.620  INFO 20436 --- [    Test worker] o.h.e.t.j.p.i.JtaPlatformInitiator       : HHH000490: Using JtaPlatform implementation: [org.hibernate.engine.transaction.jta.platform.internal.NoJtaPlatform]
2021-04-15 20:13:40.635  INFO 20436 --- [    Test worker] j.LocalContainerEntityManagerFactoryBean : Initialized JPA EntityManagerFactory for persistence unit 'default'
2021-04-15 20:13:41.555  WARN 20436 --- [    Test worker] JpaBaseConfiguration$JpaWebConfiguration : spring.jpa.open-in-view is enabled by default. Therefore, database queries may be performed during view rendering. Explicitly configure spring.jpa.open-in-view to disable this warning
2021-04-15 20:13:42.070  INFO 20436 --- [    Test worker] o.s.s.web.DefaultSecurityFilterChain     : Will secure any request with [org.springframework.security.web.context.request.async.WebAsyncManagerIntegrationFilter@66005c5a, org.springframework.security.web.context.SecurityContextPersistenceFilter@4c4d8772, org.springframework.security.web.header.HeaderWriterFilter@16a10379, org.springframework.security.web.authentication.logout.LogoutFilter@21e7065f, org.springframework.security.web.authentication.UsernamePasswordAuthenticationFilter@6ef72f97, org.springframework.security.web.savedrequest.RequestCacheAwareFilter@41f21e1c, org.springframework.security.web.servletapi.SecurityContextHolderAwareRequestFilter@685b8c19, org.springframework.security.web.authentication.AnonymousAuthenticationFilter@4d610212, org.springframework.security.web.session.SessionManagementFilter@2fff6ac6, org.springframework.security.web.access.ExceptionTranslationFilter@5f349f8d, org.springframework.security.web.access.intercept.FilterSecurityInterceptor@4c3719a3]
2021-04-15 20:13:42.733  INFO 20436 --- [    Test worker] o.s.s.concurrent.ThreadPoolTaskExecutor  : Initializing ExecutorService 'applicationTaskExecutor'
2021-04-15 20:13:43.039  INFO 20436 --- [    Test worker] o.s.b.a.w.s.WelcomePageHandlerMapping    : Adding welcome page template: index
2021-04-15 20:13:43.720  INFO 20436 --- [    Test worker] o.s.b.t.m.w.SpringBootMockServletContext : Initializing Spring TestDispatcherServlet ''
2021-04-15 20:13:43.720  INFO 20436 --- [    Test worker] o.s.t.web.servlet.TestDispatcherServlet  : Initializing Servlet ''
2021-04-15 20:13:43.723  INFO 20436 --- [    Test worker] o.s.t.web.servlet.TestDispatcherServlet  : Completed initialization in 3 ms
2021-04-15 20:13:43.761  INFO 20436 --- [    Test worker] c.e.c.CodefellowshipApplicationTests     : Started CodefellowshipApplicationTests in 9.106 seconds (JVM running for 11.011)
]]></system-out>
  <system-err><![CDATA[]]></system-err>
</testsuite>
